C51 COMPILER V9.60.7.0   MAIN                                                              08/30/2023 01:26:28 PAGE 1   


C51 COMPILER V9.60.7.0, COMPILATION OF MODULE MAIN
OBJECT MODULE PLACED IN .\Objects\main.obj
COMPILER INVOKED BY: C:\Keil_v5\C51\BIN\C51.EXE main.c OPTIMIZE(8,SPEED) BROWSE DEBUG OBJECTEXTEND PRINT(.\Listings\main
                    -.lst) TABS(2) OBJECT(.\Objects\main.obj)

line level    source

   1          //#include <reg51.h> // Assuming you're using 8051 microcontroller
   2          //#include <intrins.h>
   3          
   4          //sbit OUT_PIN = P2^0; // Replace this with your output pin
   5          
   6          //void delay_ms(unsigned int times){
   7          //  unsigned int i,j;
   8          //  
   9          //  for (i= 0; i<times; i++){
  10          //    for (j=0; j<1275; j++);
  11          //  }
  12          //}
  13          //  
  14          //void delay_us(unsigned int us) {
  15          //   unsigned int i;
  16          //  
  17          //      for (i = 0; i < us; i++) {
  18          
  19          //    TH0 = 0xFF;                       // Set the high byte of timer value
  20          //    TL0 = 0xD2;                    // Set the low byte of timer value
  21          //    TR0 = 1; // Start the timer
  22          
  23          //        while (!TF0); // Wait for timer overflow
  24          //        TF0 = 0; // Clear the overflow flag
  25          //        TR0 = 0; // Stop the timer
  26          //      }
  27          //}
  28          
  29          //void main() {
  30          //      TMOD = 0x01; // Timer 0, mode 1: 16-bit timer
  31          
  32          //        
  33          //    
  34          //  while (1) { 
  35          //  
  36          //    int n;
  37          //    OUT_PIN = 0;
  38          //    
  39          //     for (n=20; n<26; n=n+2){
  40          //       
  41          //        OUT_PIN = 1; // Set the output pin high
  42          //        delay_us(n); // Delay for 500 microseconds
  43          //        OUT_PIN = 0; // Set the output pin low
  44          //        delay_us(260); // Delay for 19500 microseconds
  45          ////       
  46          //       delay_ms(200);
  47          //     }
  48          //    }
  49          //}
  50          
  51          
  52          #include <reg51.h>
  53          #include <stdio.h>
  54          #include <intrins.h>
C51 COMPILER V9.60.7.0   MAIN                                                              08/30/2023 01:26:28 PAGE 2   

  55          
  56          sbit servo_pin = P2^0;
  57          void delay(unsigned int);
  58          void servo_delay(unsigned int);
  59          void main()
  60          {
  61   1        servo_pin = 0;
  62   1        do
  63   1        {
  64   2          
  65   2         servo_pin = 1;
  66   2         servo_delay(500);
  67   2         servo_pin = 0;
  68   2         servo_delay(19500);
  69   2          
  70   2         delay(200);
  71   2          
  72   2         servo_pin = 1;
  73   2         servo_delay(1000);
  74   2         servo_pin = 0;
  75   2         servo_delay(19000);
  76   2          
  77   2         delay(200);   
  78   2       }while(1);
  79   1      }
  80          
  81          void delay(unsigned int ms)
  82          {
  83   1        int i,j;
  84   1        for(i=0;i<ms;i++)
  85   1          for(j=0;j<127;j++);
  86   1      }
  87          
  88          void servo_delay(unsigned int ms)
  89          {
  90   1        unsigned int i, j;  
  91   1        unsigned int us = ms/1000;
  92   1      
  93   1        for (i = 0; i < us; i++){
  94   2          for (j = 0; j < 127; j++);
  95   2        }
  96   1      }
  97          


MODULE INFORMATION:   STATIC OVERLAYABLE
   CODE SIZE        =    125    ----
   CONSTANT SIZE    =   ----    ----
   XDATA SIZE       =   ----    ----
   PDATA SIZE       =   ----    ----
   DATA SIZE        =   ----    ----
   IDATA SIZE       =   ----    ----
   BIT SIZE         =   ----    ----
END OF MODULE INFORMATION.


C51 COMPILATION COMPLETE.  0 WARNING(S),  0 ERROR(S)
